<?xml version="1.0" encoding="UTF-8"?>
<!-- Generated by org.testng.reporters.JUnitXMLReporter -->
<testsuite hostname="LAPTOP-AF95BSA9" ignored="0" name="OpenCartTest" tests="2" failures="1" timestamp="2023-04-13T16:52:25 IST" time="77.496" errors="0">
  <testcase name="account_Registration_Test" time="3.139" classname="testCases.TC001_Account_Registration_Test"/>
  <testcase name="verifyLogin" time="19.092" classname="testCases.TC002_Login_Test">
    <failure type="java.lang.AssertionError" message="Invalid login Details expected [true] but found [false]">
      <![CDATA[java.lang.AssertionError: Invalid login Details expected [true] but found [false]
at testCases.TC002_Login_Test.verifyLogin(TC002_Login_Test.java:37)
at java.util.ArrayList.forEach(ArrayList.java:1259)
... Removed 32 stack frames]]>
    </failure>
  </testcase> <!-- verifyLogin -->
</testsuite> <!-- OpenCartTest -->
