<?xml version="1.0" encoding="UTF-8"?>
<testng-results skipped="0" failed="1" ignored="0" total="2" passed="1">
  <reporter-output>
  </reporter-output>
  <suite name="RegressionSuite" duration-ms="105651" started-at="2023-04-14T12:46:52 IST" finished-at="2023-04-14T12:48:38 IST">
    <groups>
      <group name="regression">
        <method signature="TC001_Account_Registration_Test.account_Registration_Test()[pri:0, instance:testCases.TC001_Account_Registration_Test@1d8d30f7]" name="account_Registration_Test" class="testCases.TC001_Account_Registration_Test"/>
      </group> <!-- regression -->
      <group name="sanity">
        <method signature="TC002_Login_Test.verifyLogin()[pri:0, instance:testCases.TC002_Login_Test@5bb21b69]" name="verifyLogin" class="testCases.TC002_Login_Test"/>
      </group> <!-- sanity -->
      <group name="master">
        <method signature="TC001_Account_Registration_Test.account_Registration_Test()[pri:0, instance:testCases.TC001_Account_Registration_Test@1d8d30f7]" name="account_Registration_Test" class="testCases.TC001_Account_Registration_Test"/>
        <method signature="TC002_Login_Test.verifyLogin()[pri:0, instance:testCases.TC002_Login_Test@5bb21b69]" name="verifyLogin" class="testCases.TC002_Login_Test"/>
      </group> <!-- master -->
    </groups>
    <test name="OpenCartTest" duration-ms="105651" started-at="2023-04-14T12:46:52 IST" finished-at="2023-04-14T12:48:38 IST">
      <class name="testCases.TC001_Account_Registration_Test">
        <test-method status="PASS" signature="setUp(java.lang.String)[pri:0, instance:testCases.TC001_Account_Registration_Test@1d8d30f7]" name="setUp" is-config="true" duration-ms="50963" started-at="2023-04-14T12:46:55 IST" finished-at="2023-04-14T12:47:46 IST">
          <params>
            <param index="0">
              <value>
                <![CDATA[Chrome]]>
              </value>
            </param>
          </params>
          <reporter-output>
          </reporter-output>
        </test-method> <!-- setUp -->
        <test-method status="PASS" signature="account_Registration_Test()[pri:0, instance:testCases.TC001_Account_Registration_Test@1d8d30f7]" name="account_Registration_Test" duration-ms="2492" started-at="2023-04-14T12:47:46 IST" finished-at="2023-04-14T12:47:48 IST">
          <reporter-output>
          </reporter-output>
        </test-method> <!-- account_Registration_Test -->
        <test-method status="PASS" signature="tearDown()[pri:0, instance:testCases.TC001_Account_Registration_Test@1d8d30f7]" name="tearDown" is-config="true" duration-ms="2" started-at="2023-04-14T12:47:48 IST" finished-at="2023-04-14T12:47:48 IST">
          <reporter-output>
          </reporter-output>
        </test-method> <!-- tearDown -->
      </class> <!-- testCases.TC001_Account_Registration_Test -->
      <class name="testCases.TC002_Login_Test">
        <test-method status="PASS" signature="setUp(java.lang.String)[pri:0, instance:testCases.TC002_Login_Test@5bb21b69]" name="setUp" is-config="true" duration-ms="28085" started-at="2023-04-14T12:47:48 IST" finished-at="2023-04-14T12:48:16 IST">
          <params>
            <param index="0">
              <value>
                <![CDATA[Chrome]]>
              </value>
            </param>
          </params>
          <reporter-output>
          </reporter-output>
        </test-method> <!-- setUp -->
        <test-method status="FAIL" signature="verifyLogin()[pri:0, instance:testCases.TC002_Login_Test@5bb21b69]" name="verifyLogin" duration-ms="20878" started-at="2023-04-14T12:48:16 IST" finished-at="2023-04-14T12:48:37 IST">
          <exception class="java.lang.AssertionError">
            <message>
              <![CDATA[Invalid login Details expected [true] but found [false]]]>
            </message>
            <full-stacktrace>
              <![CDATA[java.lang.AssertionError: Invalid login Details expected [true] but found [false]
at org.testng.Assert.fail(Assert.java:99)
at org.testng.Assert.failNotEquals(Assert.java:1037)
at org.testng.Assert.assertEqualsImpl(Assert.java:140)
at org.testng.Assert.assertEquals(Assert.java:122)
at org.testng.Assert.assertEquals(Assert.java:819)
at testCases.TC002_Login_Test.verifyLogin(TC002_Login_Test.java:37)
at sun.reflect.NativeMethodAccessorImpl.invoke0(Native Method)
at sun.reflect.NativeMethodAccessorImpl.invoke(NativeMethodAccessorImpl.java:62)
at sun.reflect.DelegatingMethodAccessorImpl.invoke(DelegatingMethodAccessorImpl.java:43)
at java.lang.reflect.Method.invoke(Method.java:498)
at org.testng.internal.MethodInvocationHelper.invokeMethod(MethodInvocationHelper.java:133)
at org.testng.internal.TestInvoker.invokeMethod(TestInvoker.java:598)
at org.testng.internal.TestInvoker.invokeTestMethod(TestInvoker.java:173)
at org.testng.internal.MethodRunner.runInSequence(MethodRunner.java:46)
at org.testng.internal.TestInvoker$MethodInvocationAgent.invoke(TestInvoker.java:824)
at org.testng.internal.TestInvoker.invokeTestMethods(TestInvoker.java:146)
at org.testng.internal.TestMethodWorker.invokeTestMethods(TestMethodWorker.java:146)
at org.testng.internal.TestMethodWorker.run(TestMethodWorker.java:128)
at java.util.ArrayList.forEach(ArrayList.java:1259)
at org.testng.TestRunner.privateRun(TestRunner.java:794)
at org.testng.TestRunner.run(TestRunner.java:596)
at org.testng.SuiteRunner.runTest(SuiteRunner.java:377)
at org.testng.SuiteRunner.runSequentially(SuiteRunner.java:371)
at org.testng.SuiteRunner.privateRun(SuiteRunner.java:332)
at org.testng.SuiteRunner.run(SuiteRunner.java:276)
at org.testng.SuiteRunnerWorker.runSuite(SuiteRunnerWorker.java:53)
at org.testng.SuiteRunnerWorker.run(SuiteRunnerWorker.java:96)
at org.testng.TestNG.runSuitesSequentially(TestNG.java:1212)
at org.testng.TestNG.runSuitesLocally(TestNG.java:1134)
at org.testng.TestNG.runSuites(TestNG.java:1063)
at org.testng.TestNG.run(TestNG.java:1031)
at org.apache.maven.surefire.testng.TestNGExecutor.run(TestNGExecutor.java:308)
at org.apache.maven.surefire.testng.TestNGXmlTestSuite.execute(TestNGXmlTestSuite.java:71)
at org.apache.maven.surefire.testng.TestNGProvider.invoke(TestNGProvider.java:113)
at org.apache.maven.surefire.booter.ForkedBooter.runSuitesInProcess(ForkedBooter.java:385)
at org.apache.maven.surefire.booter.ForkedBooter.execute(ForkedBooter.java:162)
at org.apache.maven.surefire.booter.ForkedBooter.run(ForkedBooter.java:507)
at org.apache.maven.surefire.booter.ForkedBooter.main(ForkedBooter.java:495)
]]>
            </full-stacktrace>
          </exception> <!-- java.lang.AssertionError -->
          <reporter-output>
          </reporter-output>
        </test-method> <!-- verifyLogin -->
        <test-method status="PASS" signature="tearDown()[pri:0, instance:testCases.TC002_Login_Test@5bb21b69]" name="tearDown" is-config="true" duration-ms="1" started-at="2023-04-14T12:48:38 IST" finished-at="2023-04-14T12:48:38 IST">
          <reporter-output>
          </reporter-output>
        </test-method> <!-- tearDown -->
      </class> <!-- testCases.TC002_Login_Test -->
    </test> <!-- OpenCartTest -->
  </suite> <!-- RegressionSuite -->
</testng-results>
